<?xml version="1.0" encoding="UTF-8"?>
<!-- Generated by org.testng.reporters.JUnitXMLReporter -->
<testsuite ignored="0" hostname="dev-025" failures="0" tests="4" name="Default test" time="0.099" errors="0" timestamp="2025-08-01T14:10:06 IST">
  <testcase classname="com.practise.crm.framework.WebCommons" name="@BeforeMethod launchBrowserApplication" time="-1.754037605984E9">
    <failure type="org.testng.TestNGException" message="
Parameter &amp;apos;Browser&amp;apos; is required by BeforeMethod on method launchBrowserApplication but has not been marked @Optional or defined
in C:\Users\patnala.prasad\AppData\Local\Temp\testng-eclipse-106858786\testng-customsuite.xml">
      <![CDATA[org.testng.TestNGException: 
Parameter 'Browser' is required by BeforeMethod on method launchBrowserApplication but has not been marked @Optional or defined
in C:\Users\patnala.prasad\AppData\Local\Temp\testng-eclipse-106858786\testng-customsuite.xml
at org.testng.internal.Parameters.createParams(Parameters.java:270)
at org.testng.internal.Parameters.createParametersForMethod(Parameters.java:358)
at org.testng.internal.Parameters.createParameters(Parameters.java:700)
at org.testng.internal.Parameters.createConfigurationParameters(Parameters.java:168)
at org.testng.internal.ConfigInvoker.invokeConfigurations(ConfigInvoker.java:302)
at org.testng.internal.TestInvoker.runConfigMethods(TestInvoker.java:700)
at org.testng.internal.TestInvoker.invokeMethod(TestInvoker.java:527)
at org.testng.internal.TestInvoker.invokeTestMethod(TestInvoker.java:173)
at org.testng.internal.MethodRunner.runInSequence(MethodRunner.java:46)
at org.testng.internal.TestInvoker$MethodInvocationAgent.invoke(TestInvoker.java:824)
at org.testng.internal.TestInvoker.invokeTestMethods(TestInvoker.java:146)
at org.testng.internal.TestMethodWorker.invokeTestMethods(TestMethodWorker.java:146)
at org.testng.internal.TestMethodWorker.run(TestMethodWorker.java:128)
at java.base/java.util.ArrayList.forEach(ArrayList.java:1596)
at org.testng.TestRunner.privateRun(TestRunner.java:794)
at org.testng.TestRunner.run(TestRunner.java:596)
at org.testng.SuiteRunner.runTest(SuiteRunner.java:377)
at org.testng.SuiteRunner.runSequentially(SuiteRunner.java:371)
at org.testng.SuiteRunner.privateRun(SuiteRunner.java:332)
at org.testng.SuiteRunner.run(SuiteRunner.java:276)
at org.testng.SuiteRunnerWorker.runSuite(SuiteRunnerWorker.java:53)
at org.testng.SuiteRunnerWorker.run(SuiteRunnerWorker.java:96)
at org.testng.TestNG.runSuitesSequentially(TestNG.java:1212)
at org.testng.TestNG.runSuitesLocally(TestNG.java:1134)
at org.testng.TestNG.runSuites(TestNG.java:1063)
at org.testng.TestNG.run(TestNG.java:1031)
at org.testng.remote.AbstractRemoteTestNG.run(AbstractRemoteTestNG.java:115)
at org.testng.remote.RemoteTestNG.initAndRun(RemoteTestNG.java:293)
at org.testng.remote.RemoteTestNG.main(RemoteTestNG.java:91)
]]>
    </failure>
  </testcase> <!-- @BeforeMethod launchBrowserApplication -->
  <testcase classname="com.practise.crm.framework.WebCommons" name="@AfterMethod closeBrowser" time="-1.754037606006E9">
    <skipped/>
  </testcase> <!-- @AfterMethod closeBrowser -->
  <testcase classname="com.practise.crm.framework.WebCommons" name="@BeforeMethod launchBrowserApplication" time="-1.754037606009E9">
    <skipped/>
  </testcase> <!-- @BeforeMethod launchBrowserApplication -->
  <testcase classname="com.practise.crm.framework.WebCommons" name="@AfterMethod closeBrowser" time="-1.754037606012E9">
    <skipped/>
  </testcase> <!-- @AfterMethod closeBrowser -->
  <testcase classname="com.practise.crm.framework.WebCommons" name="@BeforeMethod launchBrowserApplication" time="-1.754037606018E9">
    <skipped/>
  </testcase> <!-- @BeforeMethod launchBrowserApplication -->
  <testcase classname="com.practise.crm.framework.WebCommons" name="@AfterMethod closeBrowser" time="-1.754037606021E9">
    <skipped/>
  </testcase> <!-- @AfterMethod closeBrowser -->
  <testcase classname="com.practise.crm.framework.WebCommons" name="@BeforeMethod launchBrowserApplication" time="-1.754037606022E9">
    <skipped/>
  </testcase> <!-- @BeforeMethod launchBrowserApplication -->
  <testcase classname="com.practise.crm.framework.WebCommons" name="@AfterMethod closeBrowser" time="-1.754037606024E9">
    <skipped/>
  </testcase> <!-- @AfterMethod closeBrowser -->
  <testcase classname="com.practise.crm.framework.AppCommons" name="Testcase1" time="0.0">
    <skipped/>
  </testcase> <!-- Testcase1 -->
  <testcase classname="com.practise.crm.framework.AppCommons" name="Testcase2" time="0.0">
    <skipped/>
  </testcase> <!-- Testcase2 -->
  <testcase classname="com.practise.crm.framework.AppCommons" name="Testcase3" time="0.0">
    <skipped/>
  </testcase> <!-- Testcase3 -->
  <testcase classname="com.practise.crm.framework.AppCommons" name="Testcase3" time="0.0">
    <skipped/>
  </testcase> <!-- Testcase3 -->
</testsuite> <!-- Default test -->
